<?xml version="1.0" encoding="UTF-8"?>
<testsuite name="EncryptTest" tests="3" skipped="0" failures="0" errors="0" timestamp="2019-04-08T14:55:02" hostname="Yasmins-MacBook-Pro.local" time="0.005">
  <properties/>
  <testcase name="encrypter_testencrypt_String" classname="EncryptTest" time="0.003"/>
  <testcase name="encrypter_testEncrypter_String" classname="EncryptTest" time="0.0"/>
  <testcase name="encrypter_testUpperCase_String" classname="EncryptTest" time="0.0"/>
  <system-out><![CDATA[]]></system-out>
  <system-err><![CDATA[]]></system-err>
</testsuite>
