<?xml version="1.0" encoding="UTF-8"?>
<testsuite name="EncryptTest" tests="1" skipped="0" failures="0" errors="0" timestamp="2019-04-08T14:48:48" hostname="Yasmins-MacBook-Pro.local" time="0.009">
  <properties/>
  <testcase name="encrypter_testEncrypter_String" classname="EncryptTest" time="0.009"/>
  <system-out><![CDATA[]]></system-out>
  <system-err><![CDATA[]]></system-err>
</testsuite>
